[2022-01-28 11:07:03] [    INFO] --- -- Now running Octaflow_preprocess.py --
[2022-01-28 11:07:11] [    INFO] --- [utils, ask_page] Assigned page: High DA
[2022-01-28 11:07:11] [    INFO] --- [utils, load_calibration_log] Load in calibration_log.xlsx.
[2022-01-28 11:07:11] [    INFO] --- Session 0: 20211104 - E31
[2022-01-28 11:07:11] [    INFO] --- Session 1: 20211104 - E32
[2022-01-28 11:07:11] [    INFO] --- Session 2: 20211108 - E31
[2022-01-28 11:07:11] [    INFO] --- Session 3: 20211108 - E32
[2022-01-28 11:07:11] [    INFO] --- Session 4: 20211111 - E34
[2022-01-28 11:07:11] [    INFO] --- Session 5: 20211111 - E37
[2022-01-28 11:07:11] [    INFO] --- Session 6: 20211112 - E34
[2022-01-28 11:07:11] [    INFO] --- Session 7: 20211115 - E34
[2022-01-28 11:07:11] [    INFO] --- Session 8: 20211115 - E37
[2022-01-28 11:07:11] [    INFO] --- Session 9: 20211115 - E38
[2022-01-28 11:07:11] [    INFO] --- Session 10: 20211117 - E35
[2022-01-28 11:07:11] [    INFO] --- Session 11: 20211117 - E42
[2022-01-28 11:07:11] [    INFO] --- Session 12: 20211118 - E42
[2022-01-28 11:07:11] [    INFO] --- Session 13: 20211119 - E37
[2022-01-28 11:07:11] [    INFO] --- Session 14: 20211119 - E43
[2022-01-28 11:07:11] [    INFO] --- Session 15: 20211203 - E48
[2022-01-28 11:07:11] [ WARNING] --- [utils, check_status] Not exist: 20211203_E48_Octaflow
[2022-01-28 11:07:11] [ WARNING] --- [utils, check_status] Not exist: E48_20211203_FSCV.npy
[2022-01-28 11:07:11] [ WARNING] --- [utils, check_status] Not exist: E48_20211203_CONC.npy
[2022-01-28 11:07:32] [    INFO] --- Now processing - Date: 20211119; Electrode: E43.
[2022-01-28 11:08:21] [    INFO] --- Raw data loaded from 20211119_E43_Octaflow
[2022-01-28 11:11:57] [    INFO] --- -- Now running Octaflow_preprocess.py --
[2022-01-28 11:12:02] [    INFO] --- Assigned page: High DA
[2022-01-28 11:12:02] [    INFO] --- Load in calibration_log.xlsx.
[2022-01-28 11:12:02] [    INFO] --- Session 0: 20211104 - E31
[2022-01-28 11:12:02] [    INFO] --- Session 1: 20211104 - E32
[2022-01-28 11:12:02] [    INFO] --- Session 2: 20211108 - E31
[2022-01-28 11:12:02] [    INFO] --- Session 3: 20211108 - E32
[2022-01-28 11:12:02] [    INFO] --- Session 4: 20211111 - E34
[2022-01-28 11:12:02] [    INFO] --- Session 5: 20211111 - E37
[2022-01-28 11:12:02] [    INFO] --- Session 6: 20211112 - E34
[2022-01-28 11:12:02] [    INFO] --- Session 7: 20211115 - E34
[2022-01-28 11:12:02] [    INFO] --- Session 8: 20211115 - E37
[2022-01-28 11:12:02] [    INFO] --- Session 9: 20211115 - E38
[2022-01-28 11:12:02] [    INFO] --- Session 10: 20211117 - E35
[2022-01-28 11:12:02] [    INFO] --- Session 11: 20211117 - E42
[2022-01-28 11:12:02] [    INFO] --- Session 12: 20211118 - E42
[2022-01-28 11:12:02] [    INFO] --- Session 13: 20211119 - E37
[2022-01-28 11:12:02] [    INFO] --- Session 14: 20211119 - E43
[2022-01-28 11:12:02] [    INFO] --- Session 15: 20211203 - E48
[2022-01-28 11:12:02] [ WARNING] --- Not exist: 20211203_E48_Octaflow
[2022-01-28 11:12:02] [ WARNING] --- Not exist: E48_20211203_FSCV.npy
[2022-01-28 11:12:02] [ WARNING] --- Not exist: E48_20211203_CONC.npy
[2022-01-28 11:12:07] [    INFO] --- Now processing - Date: 20211119; Electrode: E43.
[2022-01-28 11:12:14] [    INFO] --- Raw data loaded from 20211119_E43_Octaflow
[2022-01-28 11:13:38] [ WARNING] --- Check and restart.
[2022-01-28 11:15:18] [    INFO] --- -- Now running Random_concentration.py --
[2022-01-28 11:15:24] [    INFO] --- Assigned page: Low DA
[2022-01-28 11:16:44] [    INFO] --- -- Now running Random_concentration.py --
[2022-01-28 11:16:48] [    INFO] --- Assigned page: Low DA
[2022-01-28 11:16:50] [    INFO] --- Concentrations: [  5  10  15  20  25  30  45  60  80  90  95 110 115 135 145].
[2022-01-28 11:16:50] [ WARNING] --- Not written in calibration_log.xlsx.
[2022-01-28 11:48:57] [    INFO] --- Now preparing x
[2022-01-28 11:49:09] [    INFO] --- Assigned page: High DA
[2022-01-28 11:49:09] [    INFO] --- Load in calibration_log.xlsx.
[2022-01-28 11:49:12] [ WARNING] --- Not exist: E48_20211203_FSCV.npy
[2022-01-28 11:49:12] [    INFO] --- Now preparing y
[2022-01-28 11:49:42] [    INFO] --- Assigned page: High DA
[2022-01-28 11:49:42] [    INFO] --- Load in calibration_log.xlsx.
[2022-01-28 11:49:42] [ WARNING] --- Not exist: E48_20211203_CONC.npy
[2022-01-28 12:15:44] [    INFO] --- Now preparing x
[2022-01-28 12:15:53] [    INFO] --- Assigned page: High DA
[2022-01-28 12:15:53] [    INFO] --- Load in calibration_log.xlsx.
[2022-01-28 12:15:55] [ WARNING] --- Not exist: E48_20211203_FSCV.npy
[2022-01-28 12:15:55] [    INFO] --- Now preparing y
[2022-01-28 12:20:06] [    INFO] --- Assigned page: High DA
[2022-01-28 12:20:06] [    INFO] --- Load in calibration_log.xlsx.
[2022-01-28 12:20:06] [ WARNING] --- Not exist: E48_20211203_CONC.npy
[2022-01-28 12:22:09] [    INFO] --- Now preparing x
[2022-01-28 12:22:14] [    INFO] --- Assigned page: High DA
[2022-01-28 12:22:14] [    INFO] --- Load in calibration_log.xlsx.
[2022-01-28 12:22:14] [    INFO] --- Session 0: 20211104 - E31.
[2022-01-28 12:22:14] [    INFO] --- Session 1: 20211104 - E32.
[2022-01-28 12:22:14] [    INFO] --- Session 2: 20211108 - E31.
[2022-01-28 12:22:14] [    INFO] --- Session 3: 20211108 - E32.
[2022-01-28 12:22:14] [    INFO] --- Session 4: 20211111 - E34.
[2022-01-28 12:22:14] [    INFO] --- Session 5: 20211111 - E37.
[2022-01-28 12:22:15] [    INFO] --- Session 6: 20211112 - E34.
[2022-01-28 12:22:15] [    INFO] --- Session 7: 20211115 - E34.
[2022-01-28 12:22:15] [    INFO] --- Session 8: 20211115 - E37.
[2022-01-28 12:22:15] [    INFO] --- Session 9: 20211115 - E38.
[2022-01-28 12:22:15] [    INFO] --- Session 10: 20211117 - E35.
[2022-01-28 12:22:15] [    INFO] --- Session 11: 20211117 - E42.
[2022-01-28 12:22:16] [    INFO] --- Session 12: 20211118 - E42.
[2022-01-28 12:22:16] [    INFO] --- Session 13: 20211119 - E37.
[2022-01-28 12:22:16] [    INFO] --- Session 14: 20211119 - E43.
[2022-01-28 12:22:16] [    INFO] --- Session 15: 20211203 - E48.
[2022-01-28 12:22:16] [ WARNING] --- Not exist: E48_20211203_FSCV.npy
[2022-01-28 12:22:17] [    INFO] --- Now preparing y
[2022-01-28 12:22:22] [    INFO] --- Assigned page: High DA
[2022-01-28 12:22:22] [    INFO] --- Load in calibration_log.xlsx.
[2022-01-28 12:22:22] [    INFO] --- Session 0: 20211104 - E31.
[2022-01-28 12:22:22] [    INFO] --- Session 1: 20211104 - E32.
[2022-01-28 12:22:22] [    INFO] --- Session 2: 20211108 - E31.
[2022-01-28 12:22:22] [    INFO] --- Session 3: 20211108 - E32.
[2022-01-28 12:22:22] [    INFO] --- Session 4: 20211111 - E34.
[2022-01-28 12:22:22] [    INFO] --- Session 5: 20211111 - E37.
[2022-01-28 12:22:22] [    INFO] --- Session 6: 20211112 - E34.
[2022-01-28 12:22:22] [    INFO] --- Session 7: 20211115 - E34.
[2022-01-28 12:22:22] [    INFO] --- Session 8: 20211115 - E37.
[2022-01-28 12:22:22] [    INFO] --- Session 9: 20211115 - E38.
[2022-01-28 12:22:22] [    INFO] --- Session 10: 20211117 - E35.
[2022-01-28 12:22:22] [    INFO] --- Session 11: 20211117 - E42.
[2022-01-28 12:22:22] [    INFO] --- Session 12: 20211118 - E42.
[2022-01-28 12:22:22] [    INFO] --- Session 13: 20211119 - E37.
[2022-01-28 12:22:22] [    INFO] --- Session 14: 20211119 - E43.
[2022-01-28 12:22:22] [    INFO] --- Session 15: 20211203 - E48.
[2022-01-28 12:22:22] [ WARNING] --- Not exist: E48_20211203_CONC.npy
[2022-01-31 14:03:00] [    INFO] --- Now preparing x
[2022-01-31 14:03:03] [    INFO] --- Assigned page: High DA
[2022-01-31 14:03:03] [    INFO] --- Load in calibration_log.xlsx.
[2022-01-31 14:03:03] [    INFO] --- Session 0: 20211104 - E31.
[2022-01-31 14:03:03] [    INFO] --- Session 1: 20211104 - E32.
[2022-01-31 14:03:03] [    INFO] --- Session 2: 20211108 - E31.
[2022-01-31 14:03:03] [    INFO] --- Session 3: 20211108 - E32.
[2022-01-31 14:03:04] [    INFO] --- Session 4: 20211111 - E34.
[2022-01-31 14:03:04] [    INFO] --- Session 5: 20211111 - E37.
[2022-01-31 14:03:04] [    INFO] --- Session 6: 20211112 - E34.
[2022-01-31 14:03:04] [    INFO] --- Session 7: 20211115 - E34.
[2022-01-31 14:03:04] [    INFO] --- Session 8: 20211115 - E37.
[2022-01-31 14:03:04] [    INFO] --- Session 9: 20211115 - E38.
[2022-01-31 14:03:04] [    INFO] --- Session 10: 20211117 - E35.
[2022-01-31 14:03:05] [    INFO] --- Session 11: 20211117 - E42.
[2022-01-31 14:03:05] [    INFO] --- Session 12: 20211118 - E42.
[2022-01-31 14:03:05] [    INFO] --- Session 13: 20211119 - E37.
[2022-01-31 14:03:05] [    INFO] --- Session 14: 20211119 - E43.
[2022-01-31 14:03:06] [    INFO] --- Session 15: 20211203 - E48.
[2022-01-31 14:03:06] [ WARNING] --- Not exist: E48_20211203_FSCV.npy
[2022-01-31 14:03:06] [    INFO] --- Now preparing y
[2022-01-31 14:03:12] [    INFO] --- Assigned page: High DA
[2022-01-31 14:03:12] [    INFO] --- Load in calibration_log.xlsx.
[2022-01-31 14:03:12] [    INFO] --- Session 0: 20211104 - E31.
[2022-01-31 14:03:12] [    INFO] --- Session 1: 20211104 - E32.
[2022-01-31 14:03:12] [    INFO] --- Session 2: 20211108 - E31.
[2022-01-31 14:03:12] [    INFO] --- Session 3: 20211108 - E32.
[2022-01-31 14:03:12] [    INFO] --- Session 4: 20211111 - E34.
[2022-01-31 14:03:12] [    INFO] --- Session 5: 20211111 - E37.
[2022-01-31 14:03:12] [    INFO] --- Session 6: 20211112 - E34.
[2022-01-31 14:03:12] [    INFO] --- Session 7: 20211115 - E34.
[2022-01-31 14:03:12] [    INFO] --- Session 8: 20211115 - E37.
[2022-01-31 14:03:12] [    INFO] --- Session 9: 20211115 - E38.
[2022-01-31 14:03:12] [    INFO] --- Session 10: 20211117 - E35.
[2022-01-31 14:03:12] [    INFO] --- Session 11: 20211117 - E42.
[2022-01-31 14:03:12] [    INFO] --- Session 12: 20211118 - E42.
[2022-01-31 14:03:12] [    INFO] --- Session 13: 20211119 - E37.
[2022-01-31 14:03:12] [    INFO] --- Session 14: 20211119 - E43.
[2022-01-31 14:03:12] [    INFO] --- Session 15: 20211203 - E48.
[2022-01-31 14:03:12] [ WARNING] --- Not exist: E48_20211203_CONC.npy
[2022-01-31 14:05:45] [    INFO] --- Now preparing x
[2022-01-31 14:05:48] [    INFO] --- Assigned page: High DA
[2022-01-31 14:05:48] [    INFO] --- Load in calibration_log.xlsx.
[2022-01-31 14:05:48] [    INFO] --- Session 0: 20211104 - E31.
[2022-01-31 14:05:48] [    INFO] --- Session 1: 20211104 - E32.
[2022-01-31 14:05:48] [    INFO] --- Session 2: 20211108 - E31.
[2022-01-31 14:05:48] [    INFO] --- Session 3: 20211108 - E32.
[2022-01-31 14:05:48] [    INFO] --- Session 4: 20211111 - E34.
[2022-01-31 14:05:48] [    INFO] --- Session 5: 20211111 - E37.
[2022-01-31 14:05:48] [    INFO] --- Session 6: 20211112 - E34.
[2022-01-31 14:05:48] [    INFO] --- Session 7: 20211115 - E34.
[2022-01-31 14:05:48] [    INFO] --- Session 8: 20211115 - E37.
[2022-01-31 14:05:48] [    INFO] --- Session 9: 20211115 - E38.
[2022-01-31 14:05:49] [    INFO] --- Session 10: 20211117 - E35.
[2022-01-31 14:05:49] [    INFO] --- Session 11: 20211117 - E42.
[2022-01-31 14:05:49] [    INFO] --- Session 12: 20211118 - E42.
[2022-01-31 14:05:49] [    INFO] --- Session 13: 20211119 - E37.
[2022-01-31 14:05:49] [    INFO] --- Session 14: 20211119 - E43.
[2022-01-31 14:05:50] [    INFO] --- Session 15: 20211203 - E48.
[2022-01-31 14:05:50] [ WARNING] --- Not exist: E48_20211203_FSCV.npy
[2022-01-31 14:05:50] [    INFO] --- Now preparing y
[2022-01-31 14:05:54] [    INFO] --- Assigned page: High DA
[2022-01-31 14:05:54] [    INFO] --- Load in calibration_log.xlsx.
[2022-01-31 14:05:54] [    INFO] --- Session 0: 20211104 - E31.
[2022-01-31 14:05:54] [    INFO] --- Session 1: 20211104 - E32.
[2022-01-31 14:05:54] [    INFO] --- Session 2: 20211108 - E31.
[2022-01-31 14:05:54] [    INFO] --- Session 3: 20211108 - E32.
[2022-01-31 14:05:54] [    INFO] --- Session 4: 20211111 - E34.
[2022-01-31 14:05:54] [    INFO] --- Session 5: 20211111 - E37.
[2022-01-31 14:05:54] [    INFO] --- Session 6: 20211112 - E34.
[2022-01-31 14:05:54] [    INFO] --- Session 7: 20211115 - E34.
[2022-01-31 14:05:54] [    INFO] --- Session 8: 20211115 - E37.
[2022-01-31 14:05:54] [    INFO] --- Session 9: 20211115 - E38.
[2022-01-31 14:05:54] [    INFO] --- Session 10: 20211117 - E35.
[2022-01-31 14:05:54] [    INFO] --- Session 11: 20211117 - E42.
[2022-01-31 14:05:54] [    INFO] --- Session 12: 20211118 - E42.
[2022-01-31 14:05:54] [    INFO] --- Session 13: 20211119 - E37.
[2022-01-31 14:05:54] [    INFO] --- Session 14: 20211119 - E43.
[2022-01-31 14:05:54] [    INFO] --- Session 15: 20211203 - E48.
[2022-01-31 14:05:54] [ WARNING] --- Not exist: E48_20211203_CONC.npy
[2022-01-31 14:09:26] [    INFO] --- -- Now running Octaflow_preprocess.py --
[2022-01-31 14:09:30] [    INFO] --- Assigned page: High DA
[2022-01-31 14:09:30] [    INFO] --- Load in calibration_log.xlsx.
[2022-01-31 14:09:30] [    INFO] --- Session 0: 20211104 - E31
[2022-01-31 14:09:30] [    INFO] --- Session 1: 20211104 - E32
[2022-01-31 14:09:30] [    INFO] --- Session 2: 20211108 - E31
[2022-01-31 14:09:30] [    INFO] --- Session 3: 20211108 - E32
[2022-01-31 14:09:30] [    INFO] --- Session 4: 20211111 - E34
[2022-01-31 14:09:30] [    INFO] --- Session 5: 20211111 - E37
[2022-01-31 14:09:30] [    INFO] --- Session 6: 20211112 - E34
[2022-01-31 14:09:30] [    INFO] --- Session 7: 20211115 - E34
[2022-01-31 14:09:30] [    INFO] --- Session 8: 20211115 - E37
[2022-01-31 14:09:30] [    INFO] --- Session 9: 20211115 - E38
[2022-01-31 14:09:30] [    INFO] --- Session 10: 20211117 - E35
[2022-01-31 14:09:30] [    INFO] --- Session 11: 20211117 - E42
[2022-01-31 14:09:30] [    INFO] --- Session 12: 20211118 - E42
[2022-01-31 14:09:30] [    INFO] --- Session 13: 20211119 - E37
[2022-01-31 14:09:30] [    INFO] --- Session 14: 20211119 - E43
[2022-01-31 14:09:30] [    INFO] --- Session 15: 20211203 - E48
[2022-01-31 14:09:30] [ WARNING] --- Not exist: E48_20211203_FSCV.npy
[2022-01-31 14:09:30] [ WARNING] --- Not exist: E48_20211203_CONC.npy
[2022-01-31 14:09:36] [    INFO] --- Now processing - Date: 20211203; Electrode: E48.
[2022-01-31 14:09:43] [    INFO] --- Raw data loaded from 20211203_E48_Octaflow
[2022-01-31 14:09:44] [    INFO] --- Raw data saved as Preprocess-E48-20211203.png
[2022-01-31 14:10:10] [    INFO] --- Finish manual cleaning.
[2022-01-31 14:10:13] [    INFO] --- Data saved in E48_20211203_FSCV.npy and E48_20211203_CONC.npy
[2022-01-31 14:10:34] [    INFO] --- -- Now running Octaflow_preprocess.py --
[2022-01-31 14:10:35] [    INFO] --- Assigned page: Low DA
[2022-01-31 14:10:35] [    INFO] --- Load in calibration_log.xlsx.
[2022-01-31 14:10:35] [    INFO] --- Session 0: 20211110 - E31
[2022-01-31 14:10:35] [    INFO] --- Session 1: 20211110 - E32
[2022-01-31 14:10:35] [    INFO] --- Session 2: 20211122 - E43
[2022-01-31 14:10:35] [    INFO] --- Session 3: 20211122 - E31
[2022-01-31 14:10:35] [    INFO] --- Session 4: 20211122 - E32
[2022-01-31 14:10:35] [    INFO] --- Session 5: 20211124 - E37
[2022-01-31 14:10:35] [ WARNING] --- Not exist: E37_20211124_FSCV.npy
[2022-01-31 14:10:35] [ WARNING] --- Not exist: E37_20211124_CONC.npy
[2022-01-31 14:10:35] [    INFO] --- Session 6: 20211124 - E42
[2022-01-31 14:10:35] [ WARNING] --- Not exist: E42_20211124_FSCV.npy
[2022-01-31 14:10:35] [ WARNING] --- Not exist: E42_20211124_CONC.npy
[2022-01-31 14:10:35] [    INFO] --- Session 7: 20211129 - E31
[2022-01-31 14:10:35] [ WARNING] --- Not exist: E31_20211129_FSCV.npy
[2022-01-31 14:10:35] [ WARNING] --- Not exist: E31_20211129_CONC.npy
[2022-01-31 14:10:35] [    INFO] --- Session 8: 20211129 - E43
[2022-01-31 14:10:35] [ WARNING] --- Not exist: 20211129_E43_Octaflow
[2022-01-31 14:10:35] [ WARNING] --- Not exist: E43_20211129_FSCV.npy
[2022-01-31 14:10:35] [ WARNING] --- Not exist: E43_20211129_CONC.npy
[2022-01-31 14:10:35] [    INFO] --- Session 9: 20211203 - E46
[2022-01-31 14:10:35] [ WARNING] --- Not exist: E46_20211203_FSCV.npy
[2022-01-31 14:10:35] [ WARNING] --- Not exist: E46_20211203_CONC.npy
[2022-01-31 14:10:35] [    INFO] --- Session 10: 20211203 - E47
[2022-01-31 14:10:35] [ WARNING] --- Not exist: E47_20211203_FSCV.npy
[2022-01-31 14:10:35] [ WARNING] --- Not exist: E47_20211203_CONC.npy
[2022-01-31 14:10:42] [    INFO] --- Now processing - Date: 20211124; Electrode: E37.
[2022-01-31 14:10:49] [    INFO] --- Raw data loaded from 20211124_E37_Octaflow
[2022-01-31 14:10:50] [    INFO] --- Raw data saved as Preprocess-E37-20211124.png
[2022-01-31 14:11:03] [    INFO] --- Finish manual cleaning.
[2022-01-31 14:11:05] [    INFO] --- Data saved in E37_20211124_FSCV.npy and E37_20211124_CONC.npy
[2022-01-31 14:11:15] [    INFO] --- -- Now running Octaflow_preprocess.py --
[2022-01-31 14:11:16] [    INFO] --- Assigned page: Low DA
[2022-01-31 14:11:16] [    INFO] --- Load in calibration_log.xlsx.
[2022-01-31 14:11:16] [    INFO] --- Session 0: 20211110 - E31
[2022-01-31 14:11:16] [    INFO] --- Session 1: 20211110 - E32
[2022-01-31 14:11:16] [    INFO] --- Session 2: 20211122 - E43
[2022-01-31 14:11:16] [    INFO] --- Session 3: 20211122 - E31
[2022-01-31 14:11:16] [    INFO] --- Session 4: 20211122 - E32
[2022-01-31 14:11:16] [    INFO] --- Session 5: 20211124 - E37
[2022-01-31 14:11:16] [    INFO] --- Session 6: 20211124 - E42
[2022-01-31 14:11:16] [ WARNING] --- Not exist: E42_20211124_FSCV.npy
[2022-01-31 14:11:16] [ WARNING] --- Not exist: E42_20211124_CONC.npy
[2022-01-31 14:11:16] [    INFO] --- Session 7: 20211129 - E31
[2022-01-31 14:11:16] [ WARNING] --- Not exist: E31_20211129_FSCV.npy
[2022-01-31 14:11:16] [ WARNING] --- Not exist: E31_20211129_CONC.npy
[2022-01-31 14:11:16] [    INFO] --- Session 8: 20211129 - E43
[2022-01-31 14:11:16] [ WARNING] --- Not exist: 20211129_E43_Octaflow
[2022-01-31 14:11:16] [ WARNING] --- Not exist: E43_20211129_FSCV.npy
[2022-01-31 14:11:16] [ WARNING] --- Not exist: E43_20211129_CONC.npy
[2022-01-31 14:11:16] [    INFO] --- Session 9: 20211203 - E46
[2022-01-31 14:11:16] [ WARNING] --- Not exist: E46_20211203_FSCV.npy
[2022-01-31 14:11:16] [ WARNING] --- Not exist: E46_20211203_CONC.npy
[2022-01-31 14:11:16] [    INFO] --- Session 10: 20211203 - E47
[2022-01-31 14:11:16] [ WARNING] --- Not exist: E47_20211203_FSCV.npy
[2022-01-31 14:11:16] [ WARNING] --- Not exist: E47_20211203_CONC.npy
[2022-01-31 14:11:21] [    INFO] --- Now processing - Date: 20211124; Electrode: E42.
[2022-01-31 14:11:29] [    INFO] --- Raw data loaded from 20211124_E42_Octaflow
[2022-01-31 14:11:29] [    INFO] --- Raw data saved as Preprocess-E42-20211124.png
[2022-01-31 14:12:54] [    INFO] --- -- Now running Octaflow_preprocess.py --
[2022-01-31 14:12:56] [    INFO] --- Assigned page: Low DA
[2022-01-31 14:12:56] [    INFO] --- Load in calibration_log.xlsx.
[2022-01-31 14:12:56] [    INFO] --- Session 0: 20211110 - E31
[2022-01-31 14:12:56] [    INFO] --- Session 1: 20211110 - E32
[2022-01-31 14:12:56] [    INFO] --- Session 2: 20211122 - E43
[2022-01-31 14:12:56] [    INFO] --- Session 3: 20211122 - E31
[2022-01-31 14:12:56] [    INFO] --- Session 4: 20211122 - E32
[2022-01-31 14:12:56] [    INFO] --- Session 5: 20211124 - E37
[2022-01-31 14:12:56] [    INFO] --- Session 6: 20211124 - E42
[2022-01-31 14:12:56] [ WARNING] --- Not exist: E42_20211124_FSCV.npy
[2022-01-31 14:12:56] [ WARNING] --- Not exist: E42_20211124_CONC.npy
[2022-01-31 14:12:56] [    INFO] --- Session 7: 20211129 - E31
[2022-01-31 14:12:56] [ WARNING] --- Not exist: E31_20211129_FSCV.npy
[2022-01-31 14:12:56] [ WARNING] --- Not exist: E31_20211129_CONC.npy
[2022-01-31 14:12:56] [    INFO] --- Session 8: 20211129 - E43
[2022-01-31 14:12:56] [ WARNING] --- Not exist: 20211129_E43_Octaflow
[2022-01-31 14:12:56] [ WARNING] --- Not exist: E43_20211129_FSCV.npy
[2022-01-31 14:12:56] [ WARNING] --- Not exist: E43_20211129_CONC.npy
[2022-01-31 14:12:56] [    INFO] --- Session 9: 20211203 - E46
[2022-01-31 14:12:56] [ WARNING] --- Not exist: E46_20211203_FSCV.npy
[2022-01-31 14:12:56] [ WARNING] --- Not exist: E46_20211203_CONC.npy
[2022-01-31 14:12:56] [    INFO] --- Session 10: 20211203 - E47
[2022-01-31 14:12:56] [ WARNING] --- Not exist: E47_20211203_FSCV.npy
[2022-01-31 14:12:56] [ WARNING] --- Not exist: E47_20211203_CONC.npy
[2022-01-31 14:12:59] [    INFO] --- Now processing - Date: 20211124; Electrode: E42.
[2022-01-31 14:13:06] [    INFO] --- Raw data loaded from 20211124_E42_Octaflow
[2022-01-31 14:13:06] [    INFO] --- Raw data saved as Preprocess-E42-20211124.png
[2022-01-31 14:13:15] [    INFO] --- Manual cleaning run 12: new starting point from 500.
[2022-01-31 14:13:21] [    INFO] --- Finish manual cleaning.
[2022-01-31 14:13:23] [    INFO] --- Data saved in E42_20211124_FSCV.npy and E42_20211124_CONC.npy
[2022-01-31 14:13:36] [    INFO] --- -- Now running Octaflow_preprocess.py --
[2022-01-31 14:13:39] [    INFO] --- Assigned page: Low DA
[2022-01-31 14:13:39] [    INFO] --- Load in calibration_log.xlsx.
[2022-01-31 14:13:39] [    INFO] --- Session 0: 20211110 - E31
[2022-01-31 14:13:39] [    INFO] --- Session 1: 20211110 - E32
[2022-01-31 14:13:39] [    INFO] --- Session 2: 20211122 - E43
[2022-01-31 14:13:39] [    INFO] --- Session 3: 20211122 - E31
[2022-01-31 14:13:39] [    INFO] --- Session 4: 20211122 - E32
[2022-01-31 14:13:39] [    INFO] --- Session 5: 20211124 - E37
[2022-01-31 14:13:39] [    INFO] --- Session 6: 20211124 - E42
[2022-01-31 14:13:39] [    INFO] --- Session 7: 20211129 - E31
[2022-01-31 14:13:39] [ WARNING] --- Not exist: E31_20211129_FSCV.npy
[2022-01-31 14:13:39] [ WARNING] --- Not exist: E31_20211129_CONC.npy
[2022-01-31 14:13:39] [    INFO] --- Session 8: 20211129 - E43
[2022-01-31 14:13:39] [ WARNING] --- Not exist: 20211129_E43_Octaflow
[2022-01-31 14:13:39] [ WARNING] --- Not exist: E43_20211129_FSCV.npy
[2022-01-31 14:13:39] [ WARNING] --- Not exist: E43_20211129_CONC.npy
[2022-01-31 14:13:39] [    INFO] --- Session 9: 20211203 - E46
[2022-01-31 14:13:39] [ WARNING] --- Not exist: E46_20211203_FSCV.npy
[2022-01-31 14:13:39] [ WARNING] --- Not exist: E46_20211203_CONC.npy
[2022-01-31 14:13:39] [    INFO] --- Session 10: 20211203 - E47
[2022-01-31 14:13:39] [ WARNING] --- Not exist: E47_20211203_FSCV.npy
[2022-01-31 14:13:39] [ WARNING] --- Not exist: E47_20211203_CONC.npy
[2022-01-31 14:14:29] [    INFO] --- Now processing - Date: 20211129; Electrode: E31.
[2022-01-31 14:14:37] [    INFO] --- Raw data loaded from 20211129_E31_Octaflow
[2022-01-31 14:14:37] [    INFO] --- Raw data saved as Preprocess-E31-20211129.png
[2022-01-31 14:14:52] [    INFO] --- Finish manual cleaning.
[2022-01-31 14:14:54] [    INFO] --- Data saved in E31_20211129_FSCV.npy and E31_20211129_CONC.npy
[2022-01-31 14:14:57] [    INFO] --- -- Now running Octaflow_preprocess.py --
[2022-01-31 14:15:00] [    INFO] --- Assigned page: Low DA
[2022-01-31 14:15:00] [    INFO] --- Load in calibration_log.xlsx.
[2022-01-31 14:15:00] [    INFO] --- Session 0: 20211110 - E31
[2022-01-31 14:15:00] [    INFO] --- Session 1: 20211110 - E32
[2022-01-31 14:15:00] [    INFO] --- Session 2: 20211122 - E43
[2022-01-31 14:15:00] [    INFO] --- Session 3: 20211122 - E31
[2022-01-31 14:15:00] [    INFO] --- Session 4: 20211122 - E32
[2022-01-31 14:15:00] [    INFO] --- Session 5: 20211124 - E37
[2022-01-31 14:15:00] [    INFO] --- Session 6: 20211124 - E42
[2022-01-31 14:15:00] [    INFO] --- Session 7: 20211129 - E31
[2022-01-31 14:15:00] [    INFO] --- Session 8: 20211129 - E43
[2022-01-31 14:15:00] [ WARNING] --- Not exist: 20211129_E43_Octaflow
[2022-01-31 14:15:00] [ WARNING] --- Not exist: E43_20211129_FSCV.npy
[2022-01-31 14:15:00] [ WARNING] --- Not exist: E43_20211129_CONC.npy
[2022-01-31 14:15:00] [    INFO] --- Session 9: 20211203 - E46
[2022-01-31 14:15:00] [ WARNING] --- Not exist: E46_20211203_FSCV.npy
[2022-01-31 14:15:00] [ WARNING] --- Not exist: E46_20211203_CONC.npy
[2022-01-31 14:15:00] [    INFO] --- Session 10: 20211203 - E47
[2022-01-31 14:15:00] [ WARNING] --- Not exist: E47_20211203_FSCV.npy
[2022-01-31 14:15:00] [ WARNING] --- Not exist: E47_20211203_CONC.npy
[2022-01-31 14:15:17] [    INFO] --- Now processing - Date: 20211203; Electrode: E46.
[2022-01-31 14:15:24] [    INFO] --- Raw data loaded from 20211203_E46_Octaflow
[2022-01-31 14:15:25] [    INFO] --- Raw data saved as Preprocess-E46-20211203.png
[2022-01-31 14:15:59] [    INFO] --- Manual cleaning run 4: new starting point from 450.
[2022-01-31 14:16:13] [    INFO] --- Manual cleaning run 12: new starting point from 500.
[2022-01-31 14:16:15] [    INFO] --- Finish manual cleaning.
[2022-01-31 14:16:16] [    INFO] --- Data saved in E46_20211203_FSCV.npy and E46_20211203_CONC.npy
[2022-01-31 14:16:19] [    INFO] --- -- Now running Octaflow_preprocess.py --
[2022-01-31 14:16:24] [    INFO] --- Assigned page: Low DA
[2022-01-31 14:16:24] [    INFO] --- Load in calibration_log.xlsx.
[2022-01-31 14:16:25] [    INFO] --- Session 0: 20211110 - E31
[2022-01-31 14:16:25] [    INFO] --- Session 1: 20211110 - E32
[2022-01-31 14:16:25] [    INFO] --- Session 2: 20211122 - E43
[2022-01-31 14:16:25] [    INFO] --- Session 3: 20211122 - E31
[2022-01-31 14:16:25] [    INFO] --- Session 4: 20211122 - E32
[2022-01-31 14:16:25] [    INFO] --- Session 5: 20211124 - E37
[2022-01-31 14:16:25] [    INFO] --- Session 6: 20211124 - E42
[2022-01-31 14:16:25] [    INFO] --- Session 7: 20211129 - E31
[2022-01-31 14:16:25] [    INFO] --- Session 8: 20211129 - E43
[2022-01-31 14:16:25] [ WARNING] --- Not exist: 20211129_E43_Octaflow
[2022-01-31 14:16:25] [ WARNING] --- Not exist: E43_20211129_FSCV.npy
[2022-01-31 14:16:25] [ WARNING] --- Not exist: E43_20211129_CONC.npy
[2022-01-31 14:16:25] [    INFO] --- Session 9: 20211203 - E46
[2022-01-31 14:16:25] [    INFO] --- Session 10: 20211203 - E47
[2022-01-31 14:16:25] [ WARNING] --- Not exist: E47_20211203_FSCV.npy
[2022-01-31 14:16:25] [ WARNING] --- Not exist: E47_20211203_CONC.npy
[2022-01-31 14:16:27] [    INFO] --- Now processing - Date: 20211203; Electrode: E47.
[2022-01-31 14:16:34] [    INFO] --- Raw data loaded from 20211203_E47_Octaflow
[2022-01-31 14:16:34] [    INFO] --- Raw data saved as Preprocess-E47-20211203.png
[2022-01-31 14:17:00] [    INFO] --- Manual cleaning run 0: drop run.
[2022-01-31 14:17:38] [    INFO] --- Finish manual cleaning.
[2022-01-31 14:17:40] [ WARNING] --- Data not saved. Check and restart.
[2022-01-31 14:20:32] [    INFO] --- -- Now running Octaflow_preprocess.py --
[2022-01-31 14:20:35] [    INFO] --- Assigned page: Low DA
[2022-01-31 14:20:35] [    INFO] --- Load in calibration_log.xlsx.
[2022-01-31 14:20:35] [    INFO] --- Session 0: 20211110 - E31
[2022-01-31 14:20:35] [    INFO] --- Session 1: 20211110 - E32
[2022-01-31 14:20:35] [    INFO] --- Session 2: 20211122 - E43
[2022-01-31 14:20:35] [    INFO] --- Session 3: 20211122 - E31
[2022-01-31 14:20:35] [    INFO] --- Session 4: 20211122 - E32
[2022-01-31 14:20:35] [    INFO] --- Session 5: 20211124 - E37
[2022-01-31 14:20:35] [    INFO] --- Session 6: 20211124 - E42
[2022-01-31 14:20:35] [    INFO] --- Session 7: 20211129 - E31
[2022-01-31 14:20:35] [    INFO] --- Session 8: 20211129 - E43
[2022-01-31 14:20:35] [ WARNING] --- Not exist: 20211129_E43_Octaflow
[2022-01-31 14:20:35] [ WARNING] --- Not exist: E43_20211129_FSCV.npy
[2022-01-31 14:20:35] [ WARNING] --- Not exist: E43_20211129_CONC.npy
[2022-01-31 14:20:35] [    INFO] --- Session 9: 20211203 - E46
[2022-01-31 14:20:35] [    INFO] --- Session 10: 20211203 - E47
[2022-01-31 14:20:35] [ WARNING] --- Not exist: E47_20211203_FSCV.npy
[2022-01-31 14:20:35] [ WARNING] --- Not exist: E47_20211203_CONC.npy
[2022-01-31 14:20:37] [    INFO] --- Now processing - Date: 20211203; Electrode: E47.
[2022-01-31 14:20:44] [    INFO] --- Raw data loaded from 20211203_E47_Octaflow
[2022-01-31 14:20:45] [    INFO] --- Raw data saved as Preprocess-E47-20211203.png
[2022-01-31 14:20:54] [    INFO] --- Manual cleaning run 10: drop run.
[2022-01-31 14:20:59] [    INFO] --- Manual cleaning run 0: drop run.
[2022-01-31 14:21:02] [    INFO] --- Finish manual cleaning.
[2022-01-31 14:21:04] [    INFO] --- Data saved in E47_20211203_FSCV.npy and E47_20211203_CONC.npy
[2022-01-31 14:21:16] [    INFO] --- Now preparing x
[2022-01-31 14:21:19] [    INFO] --- Assigned page: Low DA
[2022-01-31 14:21:19] [    INFO] --- Load in calibration_log.xlsx.
[2022-01-31 14:21:19] [    INFO] --- Session 0: 20211110 - E31.
[2022-01-31 14:21:19] [    INFO] --- Session 1: 20211110 - E32.
[2022-01-31 14:21:19] [    INFO] --- Session 2: 20211122 - E43.
[2022-01-31 14:21:19] [    INFO] --- Session 3: 20211122 - E31.
[2022-01-31 14:21:19] [    INFO] --- Session 4: 20211122 - E32.
[2022-01-31 14:21:19] [    INFO] --- Session 5: 20211124 - E37.
[2022-01-31 14:21:19] [    INFO] --- Session 6: 20211124 - E42.
[2022-01-31 14:21:19] [    INFO] --- Session 7: 20211129 - E31.
[2022-01-31 14:21:19] [    INFO] --- Session 8: 20211129 - E43.
[2022-01-31 14:21:19] [ WARNING] --- Not exist: E43_20211129_FSCV.npy
[2022-01-31 14:21:19] [    INFO] --- Session 9: 20211203 - E46.
[2022-01-31 14:21:20] [    INFO] --- Session 10: 20211203 - E47.
[2022-01-31 14:21:20] [    INFO] --- Now preparing y
[2022-01-31 14:21:25] [    INFO] --- Assigned page: Low DA
[2022-01-31 14:21:25] [    INFO] --- Load in calibration_log.xlsx.
[2022-01-31 14:21:25] [    INFO] --- Session 0: 20211110 - E31.
[2022-01-31 14:21:25] [    INFO] --- Session 1: 20211110 - E32.
[2022-01-31 14:21:25] [    INFO] --- Session 2: 20211122 - E43.
[2022-01-31 14:21:25] [    INFO] --- Session 3: 20211122 - E31.
[2022-01-31 14:21:25] [    INFO] --- Session 4: 20211122 - E32.
[2022-01-31 14:21:25] [    INFO] --- Session 5: 20211124 - E37.
[2022-01-31 14:21:25] [    INFO] --- Session 6: 20211124 - E42.
[2022-01-31 14:21:25] [    INFO] --- Session 7: 20211129 - E31.
[2022-01-31 14:21:25] [    INFO] --- Session 8: 20211129 - E43.
[2022-01-31 14:21:25] [ WARNING] --- Not exist: E43_20211129_CONC.npy
[2022-01-31 14:21:25] [    INFO] --- Session 9: 20211203 - E46.
[2022-01-31 14:21:25] [    INFO] --- Session 10: 20211203 - E47.
